0 info it worked if it ends with ok
1 verbose cli [ '/usr/local/Cellar/node/5.5.0/bin/node',
1 verbose cli   '/usr/local/bin/npm',
1 verbose cli   'run',
1 verbose cli   'start_webpack' ]
2 info using npm@3.5.3
3 info using node@v5.5.0
4 verbose run-script [ 'prestart_webpack', 'start_webpack', 'poststart_webpack' ]
5 info lifecycle apitycoon-project@1.0.0~prestart_webpack: apitycoon-project@1.0.0
6 silly lifecycle apitycoon-project@1.0.0~prestart_webpack: no script for prestart_webpack, continuing
7 info lifecycle apitycoon-project@1.0.0~start_webpack: apitycoon-project@1.0.0
8 verbose lifecycle apitycoon-project@1.0.0~start_webpack: unsafe-perm in lifecycle true
9 verbose lifecycle apitycoon-project@1.0.0~start_webpack: PATH: /usr/local/lib/node_modules/npm/bin/node-gyp-bin:/Users/samhagan/dev/main-tycoon/node_modules/.bin:/usr/local/bin:/usr/bin:/bin:/usr/sbin:/sbin:/Library/TeX/texbin
10 verbose lifecycle apitycoon-project@1.0.0~start_webpack: CWD: /Users/samhagan/dev/main-tycoon
11 silly lifecycle apitycoon-project@1.0.0~start_webpack: Args: [ '-c', 'webpack-dev-server --inline --hot' ]
12 info lifecycle apitycoon-project@1.0.0~start_webpack: Failed to exec start_webpack script
13 verbose stack Error: apitycoon-project@1.0.0 start_webpack: `webpack-dev-server --inline --hot`
13 verbose stack spawn ENOENT
13 verbose stack     at ChildProcess.<anonymous> (/usr/local/lib/node_modules/npm/lib/utils/spawn.js:17:16)
13 verbose stack     at emitTwo (events.js:100:13)
13 verbose stack     at ChildProcess.emit (events.js:185:7)
13 verbose stack     at maybeClose (internal/child_process.js:821:16)
13 verbose stack     at Process.ChildProcess._handle.onexit (internal/child_process.js:211:5)
14 verbose pkgid apitycoon-project@1.0.0
15 verbose cwd /Users/samhagan/dev/main-tycoon
16 error Darwin 15.2.0
17 error argv "/usr/local/Cellar/node/5.5.0/bin/node" "/usr/local/bin/npm" "run" "start_webpack"
18 error node v5.5.0
19 error npm  v3.5.3
20 error file sh
21 error code ELIFECYCLE
22 error errno ENOENT
23 error syscall spawn
24 error apitycoon-project@1.0.0 start_webpack: `webpack-dev-server --inline --hot`
24 error spawn ENOENT
25 error Failed at the apitycoon-project@1.0.0 start_webpack script 'webpack-dev-server --inline --hot'.
25 error Make sure you have the latest version of node.js and npm installed.
25 error If you do, this is most likely a problem with the apitycoon-project package,
25 error not with npm itself.
25 error Tell the author that this fails on your system:
25 error     webpack-dev-server --inline --hot
25 error You can get information on how to open an issue for this project with:
25 error     npm bugs apitycoon-project
25 error Or if that isn't available, you can get their info via:
25 error     npm owner ls apitycoon-project
25 error There is likely additional logging output above.
26 verbose exit [ 1, true ]
